0 info it worked if it ends with ok
1 verbose cli [ '/usr/local/bin/node', '/usr/local/bin/npm', 'run', 'start' ]
2 info using npm@3.8.9
3 info using node@v4.4.2
4 verbose run-script [ 'prestart', 'start', 'poststart' ]
5 info lifecycle robotreferee@0.0.1~prestart: robotreferee@0.0.1
6 silly lifecycle robotreferee@0.0.1~prestart: no script for prestart, continuing
7 info lifecycle robotreferee@0.0.1~start: robotreferee@0.0.1
8 verbose lifecycle robotreferee@0.0.1~start: unsafe-perm in lifecycle true
9 verbose lifecycle robotreferee@0.0.1~start: PATH: /usr/local/lib/node_modules/npm/bin/node-gyp-bin:/Users/finkingma/myProjects/robotreferee/node_modules/.bin:/usr/local/bin:/usr/local/bin:/usr/bin:/bin:/usr/sbin:/sbin:~/scripts:/usr/local/lib/node_modules/protractor:/usr/local/share/dotnet:/Users/finkingma/ZorgDomein/zd-b2d-scripts:/Users/finkingma/Library/Python/2.7/bin:/Users/finkingma/ZorgDomein/zd-transaction-application/viewtest/node_modules/protractor-flake/bin
10 verbose lifecycle robotreferee@0.0.1~start: CWD: /Users/finkingma/myProjects/robotreferee
11 silly lifecycle robotreferee@0.0.1~start: Args: [ '-c', 'node app.js' ]
12 silly lifecycle robotreferee@0.0.1~start: Returned: code: 1  signal: null
13 info lifecycle robotreferee@0.0.1~start: Failed to exec start script
14 verbose stack Error: robotreferee@0.0.1 start: `node app.js`
14 verbose stack Exit status 1
14 verbose stack     at EventEmitter.<anonymous> (/usr/local/lib/node_modules/npm/lib/utils/lifecycle.js:245:16)
14 verbose stack     at emitTwo (events.js:87:13)
14 verbose stack     at EventEmitter.emit (events.js:172:7)
14 verbose stack     at ChildProcess.<anonymous> (/usr/local/lib/node_modules/npm/lib/utils/spawn.js:24:14)
14 verbose stack     at emitTwo (events.js:87:13)
14 verbose stack     at ChildProcess.emit (events.js:172:7)
14 verbose stack     at maybeClose (internal/child_process.js:827:16)
14 verbose stack     at Process.ChildProcess._handle.onexit (internal/child_process.js:211:5)
15 verbose pkgid robotreferee@0.0.1
16 verbose cwd /Users/finkingma/myProjects/robotreferee
17 error Darwin 15.6.0
18 error argv "/usr/local/bin/node" "/usr/local/bin/npm" "run" "start"
19 error node v4.4.2
20 error npm  v3.8.9
21 error code ELIFECYCLE
22 error robotreferee@0.0.1 start: `node app.js`
22 error Exit status 1
23 error Failed at the robotreferee@0.0.1 start script 'node app.js'.
23 error Make sure you have the latest version of node.js and npm installed.
23 error If you do, this is most likely a problem with the robotreferee package,
23 error not with npm itself.
23 error Tell the author that this fails on your system:
23 error     node app.js
23 error You can get information on how to open an issue for this project with:
23 error     npm bugs robotreferee
23 error Or if that isn't available, you can get their info via:
23 error     npm owner ls robotreferee
23 error There is likely additional logging output above.
24 verbose exit [ 1, true ]
